8.2949 	WARNING 	psychopy.parallel has been imported but no parallel port driver found. Install either inpout32, inpoutx64 or dlportio
8.2950 	WARNING 	Could not initiate port: 'NoneType' object is not callable
21.8275 	WARNING 	Monitor specification not found. Creating a temporary one...
21.8444 	WARNING 	User requested fullscreen with size [800 600], but screen is actually [1920, 1080]. Using actual size
24.4641 	EXP 	Created unnamed TextStim = TextStim(__class__=<class 'psychopy.visual.text.TextStim'>, alignHoriz=method-wrapper(...), alignText='center', alignVert=method-wrapper(...), anchorHoriz='center', anchorVert='center', antialias=True, autoLog=True, bold=False, color=array([1., 1., 1.]), colorSpace='rgb', contrast=1.0, depth=0, flipHoriz=False, flipVert=False, font='', fontFiles=[], height=0.1, italic=False, languageStyle='LTR', name='unnamed TextStim', opacity=1.0, ori=0.0, pos=array([0., 0.]), rgb=UNKNOWN, text=str(...), units='norm', win=Window(...), wrapWidth=1.8)
24.5302 	EXP 	Created unnamed TextStim = TextStim(__class__=<class 'psychopy.visual.text.TextStim'>, alignHoriz=method-wrapper(...), alignText='center', alignVert=method-wrapper(...), anchorHoriz='center', anchorVert='center', antialias=True, autoLog=True, bold=False, color=array([1., 1., 1.]), colorSpace='rgb', contrast=1.0, depth=0, flipHoriz=False, flipVert=False, font='', fontFiles=[], height=0.1, italic=False, languageStyle='LTR', name='unnamed TextStim', opacity=1.0, ori=0.0, pos=array([0., 0.]), rgb=UNKNOWN, text=str(...), units='norm', win=Window(...), wrapWidth=1.8)
24.5608 	EXP 	Created unnamed TextStim = TextStim(__class__=<class 'psychopy.visual.text.TextStim'>, alignHoriz=method-wrapper(...), alignText='center', alignVert=method-wrapper(...), anchorHoriz='center', anchorVert='center', antialias=True, autoLog=True, bold=False, color=array([1., 1., 1.]), colorSpace='rgb', contrast=1.0, depth=0, flipHoriz=False, flipVert=False, font='', fontFiles=[], height=0.1, italic=False, languageStyle='LTR', name='unnamed TextStim', opacity=1.0, ori=0.0, pos=array([0., 0.]), rgb=UNKNOWN, text=str(...), units='norm', win=Window(...), wrapWidth=1.8)
24.5726 	EXP 	Created unnamed TextStim = TextStim(__class__=<class 'psychopy.visual.text.TextStim'>, alignHoriz=method-wrapper(...), alignText='center', alignVert=method-wrapper(...), anchorHoriz='center', anchorVert='center', antialias=True, autoLog=True, bold=False, color=array([1., 1., 1.]), colorSpace='rgb', contrast=1.0, depth=0, flipHoriz=False, flipVert=False, font='', fontFiles=[], height=0.1, italic=False, languageStyle='LTR', name='unnamed TextStim', opacity=1.0, ori=0.0, pos=array([0., 0.]), rgb=UNKNOWN, text=str(...), units='norm', win=Window(...), wrapWidth=1.8)
41.4062 	DATA 	Keypress: space
44.7893 	DATA 	Keypress: space
44.8058 	EXP 	Created unnamed TextStim = TextStim(__class__=<class 'psychopy.visual.text.TextStim'>, alignHoriz=method-wrapper(...), alignText='center', alignVert=method-wrapper(...), anchorHoriz='center', anchorVert='center', antialias=True, autoLog=True, bold=False, color=array([1., 1., 1.]), colorSpace='rgb', contrast=1.0, depth=0, flipHoriz=False, flipVert=False, font='', fontFiles=[], height=0.1, italic=False, languageStyle='LTR', name='unnamed TextStim', opacity=1.0, ori=0.0, pos=array([0., 0.]), rgb=UNKNOWN, text=str(...), units='norm', win=Window(...), wrapWidth=1.8)
44.8117 	EXP 	Sound  started
45.8119 	EXP 	Sound  started
46.3121 	EXP 	Sound  started
46.8122 	EXP 	Sound  started
55.4694 	DATA 	Keypress: space
55.4746 	EXP 	Sound  started
55.4747 	EXP 	Sound  started
55.9749 	EXP 	Sound  started
56.4751 	EXP 	Sound  started
58.7757 	DATA 	Keypress: 1
64.6056 	DATA 	Keypress: space
64.6220 	EXP 	Created unnamed TextStim = TextStim(__class__=<class 'psychopy.visual.text.TextStim'>, alignHoriz=method-wrapper(...), alignText='center', alignVert=method-wrapper(...), anchorHoriz='center', anchorVert='center', antialias=True, autoLog=True, bold=False, color=array([1., 1., 1.]), colorSpace='rgb', contrast=1.0, depth=0, flipHoriz=False, flipVert=False, font='', fontFiles=[], height=0.1, italic=False, languageStyle='LTR', name='unnamed TextStim', opacity=1.0, ori=0.0, pos=array([0., 0.]), rgb=UNKNOWN, text=str(...), units='norm', win=Window(...), wrapWidth=1.8)
64.6267 	EXP 	Sound  started
65.6268 	EXP 	Sound  started
66.1268 	EXP 	Sound  started
66.6264 	EXP 	Sound  started
72.8613 	DATA 	Keypress: space
72.8664 	EXP 	Sound  started
72.8664 	EXP 	Sound  started
73.3664 	EXP 	Sound  started
73.8663 	EXP 	Sound  started
74.2614 	DATA 	Keypress: 2
81.2697 	DATA 	Keypress: space
98.7575 	DATA 	Keypress: space
98.7577 	EXP 	Sound  started
99.2786 	EXP 	Created unnamed TextStim = TextStim(__class__=<class 'psychopy.visual.text.TextStim'>, alignHoriz=method-wrapper(...), alignText='center', alignVert=method-wrapper(...), anchorHoriz='center', anchorVert='center', antialias=True, autoLog=True, bold=False, color=array([1., 1., 1.]), colorSpace='rgb', contrast=1.0, depth=0, flipHoriz=False, flipVert=False, font='', fontFiles=[], height=0.2, italic=False, languageStyle='LTR', name='unnamed TextStim', opacity=1.0, ori=0.0, pos=array([0., 0.]), rgb=UNKNOWN, text='Trial 1 / 48', units='norm', win=Window(...), wrapWidth=1)
101.7835 	EXP 	Sound  started
102.2625 	EXP 	Sound  started
102.7625 	EXP 	Sound  started
105.7610 	EXP 	Sound  started
106.2615 	EXP 	Sound  started
106.7603 	EXP 	Sound  started
107.0451 	DATA 	Keypress: 1
107.3673 	EXP 	Created unnamed TextStim = TextStim(__class__=<class 'psychopy.visual.text.TextStim'>, alignHoriz=method-wrapper(...), alignText='center', alignVert=method-wrapper(...), anchorHoriz='center', anchorVert='center', antialias=True, autoLog=True, bold=False, color=array([1., 1., 1.]), colorSpace='rgb', contrast=1.0, depth=0, flipHoriz=False, flipVert=False, font='', fontFiles=[], height=0.2, italic=False, languageStyle='LTR', name='unnamed TextStim', opacity=1.0, ori=0.0, pos=array([0., 0.]), rgb=UNKNOWN, text='Trial 2 / 48', units='norm', win=Window(...), wrapWidth=1)
109.8725 	EXP 	Sound  started
110.3590 	EXP 	Sound  started
110.8595 	EXP 	Sound  started
113.8570 	EXP 	Sound  started
114.3570 	EXP 	Sound  started
114.8577 	EXP 	Sound  started
115.1921 	DATA 	Keypress: 2
115.4632 	EXP 	Created unnamed TextStim = TextStim(__class__=<class 'psychopy.visual.text.TextStim'>, alignHoriz=method-wrapper(...), alignText='center', alignVert=method-wrapper(...), anchorHoriz='center', anchorVert='center', antialias=True, autoLog=True, bold=False, color=array([1., 1., 1.]), colorSpace='rgb', contrast=1.0, depth=0, flipHoriz=False, flipVert=False, font='', fontFiles=[], height=0.2, italic=False, languageStyle='LTR', name='unnamed TextStim', opacity=1.0, ori=0.0, pos=array([0., 0.]), rgb=UNKNOWN, text='Trial 3 / 48', units='norm', win=Window(...), wrapWidth=1)
117.9701 	EXP 	Sound  started
118.4553 	EXP 	Sound  started
118.9545 	EXP 	Sound  started
121.9533 	EXP 	Sound  started
122.4551 	EXP 	Sound  started
122.9533 	EXP 	Sound  started
123.3541 	DATA 	Keypress: 1
123.5568 	EXP 	Created unnamed TextStim = TextStim(__class__=<class 'psychopy.visual.text.TextStim'>, alignHoriz=method-wrapper(...), alignText='center', alignVert=method-wrapper(...), anchorHoriz='center', anchorVert='center', antialias=True, autoLog=True, bold=False, color=array([1., 1., 1.]), colorSpace='rgb', contrast=1.0, depth=0, flipHoriz=False, flipVert=False, font='', fontFiles=[], height=0.2, italic=False, languageStyle='LTR', name='unnamed TextStim', opacity=1.0, ori=0.0, pos=array([0., 0.]), rgb=UNKNOWN, text='Trial 4 / 48', units='norm', win=Window(...), wrapWidth=1)
126.0622 	EXP 	Sound  started
126.5513 	EXP 	Sound  started
127.0509 	EXP 	Sound  started
130.0495 	EXP 	Sound  started
130.5502 	EXP 	Sound  started
131.0485 	EXP 	Sound  started
131.3513 	DATA 	Keypress: 2
131.6574 	EXP 	Created unnamed TextStim = TextStim(__class__=<class 'psychopy.visual.text.TextStim'>, alignHoriz=method-wrapper(...), alignText='center', alignVert=method-wrapper(...), anchorHoriz='center', anchorVert='center', antialias=True, autoLog=True, bold=False, color=array([1., 1., 1.]), colorSpace='rgb', contrast=1.0, depth=0, flipHoriz=False, flipVert=False, font='', fontFiles=[], height=0.2, italic=False, languageStyle='LTR', name='unnamed TextStim', opacity=1.0, ori=0.0, pos=array([0., 0.]), rgb=UNKNOWN, text='Trial 5 / 48', units='norm', win=Window(...), wrapWidth=1)
134.1633 	EXP 	Sound  started
134.6479 	EXP 	Sound  started
135.1480 	EXP 	Sound  started
138.1463 	EXP 	Sound  started
138.6462 	EXP 	Sound  started
139.1457 	EXP 	Sound  started
139.4309 	DATA 	Keypress: 1
139.7532 	EXP 	Created unnamed TextStim = TextStim(__class__=<class 'psychopy.visual.text.TextStim'>, alignHoriz=method-wrapper(...), alignText='center', alignVert=method-wrapper(...), anchorHoriz='center', anchorVert='center', antialias=True, autoLog=True, bold=False, color=array([1., 1., 1.]), colorSpace='rgb', contrast=1.0, depth=0, flipHoriz=False, flipVert=False, font='', fontFiles=[], height=0.2, italic=False, languageStyle='LTR', name='unnamed TextStim', opacity=1.0, ori=0.0, pos=array([0., 0.]), rgb=UNKNOWN, text='Trial 6 / 48', units='norm', win=Window(...), wrapWidth=1)
142.2600 	EXP 	Sound  started
142.7439 	EXP 	Sound  started
143.2503 	EXP 	Sound  started
146.3261 	EXP 	Sound  started
146.8252 	EXP 	Sound  started
147.3256 	EXP 	Sound  started
148.4213 	DATA 	Keypress: 2
148.5288 	EXP 	Created unnamed TextStim = TextStim(__class__=<class 'psychopy.visual.text.TextStim'>, alignHoriz=method-wrapper(...), alignText='center', alignVert=method-wrapper(...), anchorHoriz='center', anchorVert='center', antialias=True, autoLog=True, bold=False, color=array([1., 1., 1.]), colorSpace='rgb', contrast=1.0, depth=0, flipHoriz=False, flipVert=False, font='', fontFiles=[], height=0.2, italic=False, languageStyle='LTR', name='unnamed TextStim', opacity=1.0, ori=0.0, pos=array([0., 0.]), rgb=UNKNOWN, text='Trial 7 / 48', units='norm', win=Window(...), wrapWidth=1)
151.0358 	EXP 	Sound  started
151.5233 	EXP 	Sound  started
152.0233 	EXP 	Sound  started
155.0216 	EXP 	Sound  started
155.5212 	EXP 	Sound  started
156.0215 	EXP 	Sound  started
157.1812 	DATA 	Keypress: 2
157.2876 	EXP 	Created unnamed TextStim = TextStim(__class__=<class 'psychopy.visual.text.TextStim'>, alignHoriz=method-wrapper(...), alignText='center', alignVert=method-wrapper(...), anchorHoriz='center', anchorVert='center', antialias=True, autoLog=True, bold=False, color=array([1., 1., 1.]), colorSpace='rgb', contrast=1.0, depth=0, flipHoriz=False, flipVert=False, font='', fontFiles=[], height=0.2, italic=False, languageStyle='LTR', name='unnamed TextStim', opacity=1.0, ori=0.0, pos=array([0., 0.]), rgb=UNKNOWN, text='Trial 8 / 48', units='norm', win=Window(...), wrapWidth=1)
159.7933 	EXP 	Sound  started
160.2866 	EXP 	Sound  started
160.7858 	EXP 	Sound  started
163.7850 	EXP 	Sound  started
164.2847 	EXP 	Sound  started
164.7841 	EXP 	Sound  started
165.7014 	DATA 	Keypress: 1
165.8087 	EXP 	Created unnamed TextStim = TextStim(__class__=<class 'psychopy.visual.text.TextStim'>, alignHoriz=method-wrapper(...), alignText='center', alignVert=method-wrapper(...), anchorHoriz='center', anchorVert='center', antialias=True, autoLog=True, bold=False, color=array([1., 1., 1.]), colorSpace='rgb', contrast=1.0, depth=0, flipHoriz=False, flipVert=False, font='', fontFiles=[], height=0.2, italic=False, languageStyle='LTR', name='unnamed TextStim', opacity=1.0, ori=0.0, pos=array([0., 0.]), rgb=UNKNOWN, text='Trial 9 / 48', units='norm', win=Window(...), wrapWidth=1)
168.3137 	EXP 	Sound  started
168.7982 	EXP 	Sound  started
169.2984 	EXP 	Sound  started
172.2974 	EXP 	Sound  started
172.7965 	EXP 	Sound  started
173.2967 	EXP 	Sound  started
173.6845 	DATA 	Keypress: 2
173.9046 	EXP 	Created unnamed TextStim = TextStim(__class__=<class 'psychopy.visual.text.TextStim'>, alignHoriz=method-wrapper(...), alignText='center', alignVert=method-wrapper(...), anchorHoriz='center', anchorVert='center', antialias=True, autoLog=True, bold=False, color=array([1., 1., 1.]), colorSpace='rgb', contrast=1.0, depth=0, flipHoriz=False, flipVert=False, font='', fontFiles=[], height=0.2, italic=False, languageStyle='LTR', name='unnamed TextStim', opacity=1.0, ori=0.0, pos=array([0., 0.]), rgb=UNKNOWN, text='Trial 10 / 48', units='norm', win=Window(...), wrapWidth=1)
176.4103 	EXP 	Sound  started
176.8957 	EXP 	Sound  started
177.3952 	EXP 	Sound  started
180.3940 	EXP 	Sound  started
180.8943 	EXP 	Sound  started
181.3935 	EXP 	Sound  started
181.7464 	DATA 	Keypress: 1
181.9984 	EXP 	Created unnamed TextStim = TextStim(__class__=<class 'psychopy.visual.text.TextStim'>, alignHoriz=method-wrapper(...), alignText='center', alignVert=method-wrapper(...), anchorHoriz='center', anchorVert='center', antialias=True, autoLog=True, bold=False, color=array([1., 1., 1.]), colorSpace='rgb', contrast=1.0, depth=0, flipHoriz=False, flipVert=False, font='', fontFiles=[], height=0.2, italic=False, languageStyle='LTR', name='unnamed TextStim', opacity=1.0, ori=0.0, pos=array([0., 0.]), rgb=UNKNOWN, text='Trial 11 / 48', units='norm', win=Window(...), wrapWidth=1)
184.3054 	DATA 	Keypress: escape
184.3057 	EXP 	Global key event: shutdown. Calling <function quit_and_save at 0x00000232353F1158>.
184.3836 	EXP 	window1: mouseVisible = True
7.4528 	WARNING 	psychopy.parallel has been imported but no parallel port driver found. Install either inpout32, inpoutx64 or dlportio
7.4528 	WARNING 	Could not initiate port: 'NoneType' object is not callable
12.6578 	WARNING 	Monitor specification not found. Creating a temporary one...
12.6814 	WARNING 	User requested fullscreen with size [800 600], but screen is actually [1920, 1080]. Using actual size
15.5225 	EXP 	Created unnamed TextStim = TextStim(__class__=<class 'psychopy.visual.text.TextStim'>, alignHoriz=method-wrapper(...), alignText='center', alignVert=method-wrapper(...), anchorHoriz='center', anchorVert='center', antialias=True, autoLog=True, bold=False, color=array([1., 1., 1.]), colorSpace='rgb', contrast=1.0, depth=0, flipHoriz=False, flipVert=False, font='', fontFiles=[], height=0.1, italic=False, languageStyle='LTR', name='unnamed TextStim', opacity=1.0, ori=0.0, pos=array([0., 0.]), rgb=UNKNOWN, text=str(...), units='norm', win=Window(...), wrapWidth=1.8)
15.5645 	EXP 	Created unnamed TextStim = TextStim(__class__=<class 'psychopy.visual.text.TextStim'>, alignHoriz=method-wrapper(...), alignText='center', alignVert=method-wrapper(...), anchorHoriz='center', anchorVert='center', antialias=True, autoLog=True, bold=False, color=array([1., 1., 1.]), colorSpace='rgb', contrast=1.0, depth=0, flipHoriz=False, flipVert=False, font='', fontFiles=[], height=0.1, italic=False, languageStyle='LTR', name='unnamed TextStim', opacity=1.0, ori=0.0, pos=array([0., 0.]), rgb=UNKNOWN, text=str(...), units='norm', win=Window(...), wrapWidth=1.8)
15.5916 	EXP 	Created unnamed TextStim = TextStim(__class__=<class 'psychopy.visual.text.TextStim'>, alignHoriz=method-wrapper(...), alignText='center', alignVert=method-wrapper(...), anchorHoriz='center', anchorVert='center', antialias=True, autoLog=True, bold=False, color=array([1., 1., 1.]), colorSpace='rgb', contrast=1.0, depth=0, flipHoriz=False, flipVert=False, font='', fontFiles=[], height=0.1, italic=False, languageStyle='LTR', name='unnamed TextStim', opacity=1.0, ori=0.0, pos=array([0., 0.]), rgb=UNKNOWN, text=str(...), units='norm', win=Window(...), wrapWidth=1.8)
15.6028 	EXP 	Created unnamed TextStim = TextStim(__class__=<class 'psychopy.visual.text.TextStim'>, alignHoriz=method-wrapper(...), alignText='center', alignVert=method-wrapper(...), anchorHoriz='center', anchorVert='center', antialias=True, autoLog=True, bold=False, color=array([1., 1., 1.]), colorSpace='rgb', contrast=1.0, depth=0, flipHoriz=False, flipVert=False, font='', fontFiles=[], height=0.1, italic=False, languageStyle='LTR', name='unnamed TextStim', opacity=1.0, ori=0.0, pos=array([0., 0.]), rgb=UNKNOWN, text=str(...), units='norm', win=Window(...), wrapWidth=1.8)
26.9587 	DATA 	Keypress: space
28.1901 	DATA 	Keypress: space
28.2038 	EXP 	Created unnamed TextStim = TextStim(__class__=<class 'psychopy.visual.text.TextStim'>, alignHoriz=method-wrapper(...), alignText='center', alignVert=method-wrapper(...), anchorHoriz='center', anchorVert='center', antialias=True, autoLog=True, bold=False, color=array([1., 1., 1.]), colorSpace='rgb', contrast=1.0, depth=0, flipHoriz=False, flipVert=False, font='', fontFiles=[], height=0.1, italic=False, languageStyle='LTR', name='unnamed TextStim', opacity=1.0, ori=0.0, pos=array([0., 0.]), rgb=UNKNOWN, text=str(...), units='norm', win=Window(...), wrapWidth=1.8)
28.2096 	EXP 	Sound  started
29.2099 	EXP 	Sound  started
29.7099 	EXP 	Sound  started
30.2099 	EXP 	Sound  started
32.8621 	DATA 	Keypress: space
32.8672 	EXP 	Sound  started
32.8672 	EXP 	Sound  started
33.3668 	EXP 	Sound  started
33.8666 	EXP 	Sound  started
36.6304 	DATA 	Keypress: 2
36.6629 	EXP 	Created unnamed TextStim = TextStim(__class__=<class 'psychopy.visual.text.TextStim'>, alignHoriz=method-wrapper(...), alignText='center', alignVert=method-wrapper(...), anchorHoriz='center', anchorVert='center', antialias=True, autoLog=True, bold=False, color=array([1., 1., 1.]), colorSpace='rgb', contrast=1.0, depth=0, flipHoriz=False, flipVert=False, font='', fontFiles=[], height=0.1, italic=False, languageStyle='LTR', name='unnamed TextStim', opacity=1.0, ori=0.0, pos=array([0., 0.]), rgb=UNKNOWN, text=str(...), units='norm', win=Window(...), wrapWidth=1.8)
36.6720 	EXP 	Sound  started
37.6721 	EXP 	Sound  started
38.1729 	EXP 	Sound  started
38.6730 	EXP 	Sound  started
39.5020 	DATA 	Keypress: space
39.5071 	EXP 	Sound  started
39.5072 	EXP 	Sound  started
40.0071 	EXP 	Sound  started
40.5068 	EXP 	Sound  started
42.8070 	DATA 	Keypress: space
43.1021 	DATA 	Keypress: space
44.1821 	DATA 	Keypress: space
44.1823 	EXP 	Sound  started
44.7007 	EXP 	Created unnamed TextStim = TextStim(__class__=<class 'psychopy.visual.text.TextStim'>, alignHoriz=method-wrapper(...), alignText='center', alignVert=method-wrapper(...), anchorHoriz='center', anchorVert='center', antialias=True, autoLog=True, bold=False, color=array([1., 1., 1.]), colorSpace='rgb', contrast=1.0, depth=0, flipHoriz=False, flipVert=False, font='', fontFiles=[], height=0.2, italic=False, languageStyle='LTR', name='unnamed TextStim', opacity=1.0, ori=0.0, pos=array([0., 0.]), rgb=UNKNOWN, text='Trial 1 / 48', units='norm', win=Window(...), wrapWidth=1)
47.2056 	EXP 	Sound  started
47.6988 	EXP 	Sound  started
48.1981 	EXP 	Sound  started
49.1001 	DATA 	Keypress: 1
51.1973 	EXP 	Sound  started
51.6968 	EXP 	Sound  started
52.0156 	DATA 	Keypress: 1
52.1965 	EXP 	Sound  started
52.8033 	EXP 	Created unnamed TextStim = TextStim(__class__=<class 'psychopy.visual.text.TextStim'>, alignHoriz=method-wrapper(...), alignText='center', alignVert=method-wrapper(...), anchorHoriz='center', anchorVert='center', antialias=True, autoLog=True, bold=False, color=array([1., 1., 1.]), colorSpace='rgb', contrast=1.0, depth=0, flipHoriz=False, flipVert=False, font='', fontFiles=[], height=0.2, italic=False, languageStyle='LTR', name='unnamed TextStim', opacity=1.0, ori=0.0, pos=array([0., 0.]), rgb=UNKNOWN, text='Trial 2 / 48', units='norm', win=Window(...), wrapWidth=1)
55.1087 	DATA 	Keypress: escape
55.1089 	EXP 	Global key event: shutdown. Calling <function quit_and_save at 0x000001E700F01158>.
55.1924 	EXP 	window1: mouseVisible = True
